<?xml version="1.0" encoding="UTF-8"?>
<!-- Generated by org.testng.reporters.JUnitReportReporter -->
<testsuite hostname="LAPTOP-D6EH55C7" failures="0" tests="7" name="testCases.TestCases" time="24.267" errors="0" timestamp="2024-07-20T19:51:14 IST" skipped="0">
  <testcase classname="testCases.TestCases" name="Testcase1" time="2.164"/>
  <system-out/>
  <testcase classname="testCases.TestCases" name="Testcase1" time="2.669"/>
  <system-out/>
  <testcase classname="testCases.TestCases" name="Testcase2" time="2.369"/>
  <system-out/>
  <testcase classname="testCases.TestCases" name="Testcase3" time="1.987"/>
  <system-out/>
  <testcase classname="testCases.TestCases" name="Testcase4" time="1.973"/>
  <system-out/>
  <testcase classname="testCases.TestCases" name="Testcase5" time="11.448"/>
  <system-out/>
  <testcase classname="testCases.TestCases" name="Testcase6" time="1.657"/>
  <system-out/>
</testsuite> <!-- testCases.TestCases -->
