<?xml version="1.0" encoding="UTF-8"?>
<!-- Generated by org.testng.reporters.JUnitReportReporter -->
<testsuite hostname="LAPTOP-D6EH55C7" failures="0" tests="2" name="testCases.LoginTest" time="6.695" errors="0" timestamp="2024-07-19T20:06:32 IST" skipped="0">
  <testcase classname="testCases.LoginTest" name="loginToApplication" time="4.470"/>
  <system-out/>
  <testcase classname="testCases.LoginTest" name="loginToApplication" time="2.225"/>
  <system-out/>
</testsuite> <!-- testCases.LoginTest -->
